2018-09-15 01:37:54,913 - streaming - INFO - Twitter API Auth successful
2018-09-15 01:37:54,913 - streaming - INFO - Tracking [u'#KyunkiYahanBhajpaHai', u'hello', u'a']
2018-09-15 01:37:55,028 - streaming - INFO - Connection Made
2018-09-15 01:37:57,137 - streaming - INFO - Tweet sequence: 1
2018-09-15 01:37:57,142 - streaming - INFO - Tweet sequence: 2
2018-09-15 01:37:57,145 - streaming - INFO - Tweet sequence: 3
2018-09-15 01:37:57,147 - streaming - INFO - Tweet sequence: 4
2018-09-15 01:37:57,526 - streaming - INFO - Tweet sequence: 5
2018-09-15 01:37:57,530 - streaming - INFO - Tweet sequence: 6
2018-09-15 01:37:57,536 - streaming - INFO - Tweet sequence: 7
2018-09-15 01:37:57,539 - streaming - INFO - Tweet sequence: 8
2018-09-15 01:37:57,541 - streaming - INFO - Tweet sequence: 9
2018-09-15 01:37:58,357 - streaming - INFO - Tweet sequence: 10
2018-09-15 01:37:58,366 - streaming - INFO - Tweet sequence: 11
2018-09-15 01:37:58,371 - streaming - INFO - Tweet sequence: 12
2018-09-15 11:18:47,682 - streaming - INFO - Twitter API Auth successful
2018-09-15 11:18:47,684 - streaming - INFO - Tracking [u'#KyunkiYahanBhajpaHai', u'hello', u'a']
2018-09-15 11:18:47,805 - streaming - INFO - Connection Made
2018-09-15 11:18:50,798 - streaming - INFO - Tweet sequence: 1
2018-09-15 11:18:51,017 - streaming - INFO - Tweet sequence: 2
2018-09-15 11:18:51,021 - streaming - INFO - Tweet sequence: 3
2018-09-15 11:18:51,025 - streaming - INFO - Tweet sequence: 4
2018-09-15 11:18:51,028 - streaming - INFO - Tweet sequence: 5
2018-09-15 11:18:51,130 - streaming - INFO - Tweet sequence: 6
2018-09-15 11:18:51,152 - streaming - INFO - Tweet sequence: 7
2018-09-15 11:18:51,641 - streaming - INFO - Tweet sequence: 8
2018-09-15 11:18:51,647 - streaming - INFO - Tweet sequence: 9
2018-09-15 11:18:51,651 - streaming - INFO - Tweet sequence: 10
2018-09-15 11:18:52,001 - streaming - INFO - Tweet sequence: 11
2018-09-15 11:18:52,005 - streaming - INFO - Tweet sequence: 12
2018-09-15 11:18:52,010 - streaming - INFO - Tweet sequence: 13
2018-09-15 11:18:52,013 - streaming - INFO - Tweet sequence: 14
2018-09-15 11:18:52,016 - streaming - INFO - Tweet sequence: 15
2018-09-15 11:18:52,020 - streaming - INFO - Tweet sequence: 16
2018-09-15 11:18:52,436 - streaming - INFO - Tweet sequence: 17
2018-09-15 11:18:52,442 - streaming - INFO - Tweet sequence: 18
2018-09-15 11:18:52,445 - streaming - INFO - Tweet sequence: 19
2018-09-15 11:18:52,448 - streaming - INFO - Tweet sequence: 20
2018-09-15 11:18:52,451 - streaming - INFO - Tweet sequence: 21
2018-09-15 11:18:52,455 - streaming - INFO - Tweet sequence: 22
2018-09-15 11:18:52,792 - streaming - INFO - Tweet sequence: 23
2018-09-15 11:18:52,798 - streaming - INFO - Tweet sequence: 24
2018-09-15 11:18:52,802 - streaming - INFO - Tweet sequence: 25
2018-09-15 11:18:52,811 - streaming - INFO - Tweet sequence: 26
2018-09-15 11:18:52,815 - streaming - INFO - Tweet sequence: 27
2018-09-15 11:18:52,819 - streaming - INFO - Tweet sequence: 28
2018-09-15 11:18:52,822 - streaming - INFO - Tweet sequence: 29
2018-09-15 11:18:52,825 - streaming - INFO - Tweet sequence: 30
2018-09-15 11:18:53,254 - streaming - INFO - Tweet sequence: 31
2018-09-15 11:18:53,259 - streaming - INFO - Tweet sequence: 32
2018-09-15 11:18:53,263 - streaming - INFO - Tweet sequence: 33
2018-09-15 11:18:53,268 - streaming - INFO - Tweet sequence: 34
2018-09-15 11:18:53,272 - streaming - INFO - Tweet sequence: 35
2018-09-15 11:18:53,275 - streaming - INFO - Tweet sequence: 36
2018-09-15 11:18:53,278 - streaming - INFO - Tweet sequence: 37
2018-09-15 11:18:53,281 - streaming - INFO - Tweet sequence: 38
2018-09-15 11:18:53,284 - streaming - INFO - Tweet sequence: 39
2018-09-15 11:18:53,582 - streaming - INFO - Tweet sequence: 40
2018-09-15 11:18:53,588 - streaming - INFO - Tweet sequence: 41
2018-09-15 11:18:53,630 - streaming - INFO - Tweet sequence: 42
2018-09-15 11:18:53,652 - streaming - INFO - Tweet sequence: 43
2018-09-15 11:18:53,907 - streaming - INFO - Tweet sequence: 44
2018-09-15 11:18:53,957 - streaming - INFO - Tweet sequence: 45
2018-09-15 11:18:53,962 - streaming - INFO - Tweet sequence: 46
2018-09-15 11:18:53,965 - streaming - INFO - Tweet sequence: 47
2018-09-15 11:18:53,985 - streaming - INFO - Tweet sequence: 48
2018-09-15 11:18:53,988 - streaming - INFO - Tweet sequence: 49
2018-09-15 11:18:53,991 - streaming - INFO - Tweet sequence: 50
2018-09-15 11:18:53,993 - streaming - INFO - Tweet sequence: 51
2018-09-15 11:18:54,092 - streaming - INFO - Tweet sequence: 52
2018-09-15 11:18:54,097 - streaming - INFO - Tweet sequence: 53
2018-09-15 11:18:54,259 - streaming - INFO - Tweet sequence: 54
2018-09-15 11:18:54,375 - streaming - INFO - Tweet sequence: 55
2018-09-15 11:18:54,380 - streaming - INFO - Tweet sequence: 56
2018-09-15 11:18:54,452 - streaming - INFO - Tweet sequence: 57
2018-09-15 11:18:54,572 - streaming - INFO - Tweet sequence: 58
2018-09-15 11:18:54,576 - streaming - INFO - Tweet sequence: 59
2018-09-15 11:18:54,606 - streaming - INFO - Tweet sequence: 60
2018-09-15 11:18:54,646 - streaming - INFO - Tweet sequence: 61
2018-09-15 11:18:54,656 - streaming - INFO - Tweet sequence: 62
2018-09-15 11:18:54,694 - streaming - INFO - Tweet sequence: 63
2018-09-15 11:18:54,738 - streaming - INFO - Tweet sequence: 64
2018-09-15 11:18:54,756 - streaming - INFO - Tweet sequence: 65
2018-09-15 11:18:54,763 - streaming - INFO - Tweet sequence: 66
2018-09-15 11:18:54,784 - streaming - INFO - Tweet sequence: 67
2018-09-15 11:18:54,936 - streaming - INFO - Tweet sequence: 68
2018-09-15 11:18:54,997 - streaming - INFO - Tweet sequence: 69
2018-09-15 11:18:55,019 - streaming - INFO - Tweet sequence: 70
2018-09-15 11:18:55,033 - streaming - INFO - Tweet sequence: 71
2018-09-15 11:18:55,037 - streaming - INFO - Tweet sequence: 72
2018-09-15 11:18:55,057 - streaming - INFO - Tweet sequence: 73
2018-09-15 11:18:55,067 - streaming - INFO - Tweet sequence: 74
2018-09-15 11:18:55,076 - streaming - INFO - Tweet sequence: 75
2018-09-15 11:18:55,078 - streaming - INFO - Tweet sequence: 76
2018-09-15 11:18:55,227 - streaming - INFO - Tweet sequence: 77
2018-09-15 11:18:55,234 - streaming - INFO - Tweet sequence: 78
2018-09-15 11:18:55,290 - streaming - INFO - Tweet sequence: 79
2018-09-15 11:18:55,301 - streaming - INFO - Tweet sequence: 80
2018-09-15 11:18:55,374 - streaming - INFO - Tweet sequence: 81
2018-09-15 11:18:55,403 - streaming - INFO - Tweet sequence: 82
2018-09-15 11:18:55,434 - streaming - INFO - Tweet sequence: 83
2018-09-15 11:18:55,517 - streaming - INFO - Tweet sequence: 84
2018-09-15 11:18:55,552 - streaming - INFO - Tweet sequence: 85
2018-09-15 11:18:55,620 - streaming - INFO - Tweet sequence: 86
2018-09-15 11:18:55,664 - streaming - INFO - Tweet sequence: 87
2018-09-15 11:18:55,825 - streaming - INFO - Tweet sequence: 88
2018-09-15 11:18:55,831 - streaming - INFO - Tweet sequence: 89
2018-09-15 11:18:55,936 - streaming - INFO - Tweet sequence: 90
2018-09-15 11:18:55,946 - streaming - INFO - Tweet sequence: 91
2018-09-15 11:18:56,006 - streaming - INFO - Tweet sequence: 92
2018-09-15 11:18:56,044 - streaming - INFO - Tweet sequence: 93
2018-09-15 11:18:56,049 - streaming - INFO - Tweet sequence: 94
2018-09-15 11:18:56,052 - streaming - INFO - Tweet sequence: 95
2018-09-15 11:18:56,129 - streaming - INFO - Tweet sequence: 96
2018-09-15 11:18:56,142 - streaming - INFO - Tweet sequence: 97
2018-09-15 11:18:56,229 - streaming - INFO - Tweet sequence: 98
2018-09-15 11:18:56,243 - streaming - INFO - Tweet sequence: 99
2018-09-15 11:18:56,266 - streaming - INFO - Tweet sequence: 100
2018-09-15 11:18:56,269 - streaming - INFO - Tweet sequence: 101
2018-09-15 11:18:56,296 - streaming - INFO - Tweet sequence: 102
2018-09-15 11:18:56,302 - streaming - INFO - Tweet sequence: 103
2018-09-15 11:18:56,328 - streaming - INFO - Tweet sequence: 104
2018-09-15 11:18:56,335 - streaming - INFO - Tweet sequence: 105
2018-09-15 11:18:56,388 - streaming - INFO - Tweet sequence: 106
2018-09-15 11:18:56,392 - streaming - INFO - Tweet sequence: 107
2018-09-15 11:18:56,462 - streaming - INFO - Tweet sequence: 108
2018-09-15 11:18:56,490 - streaming - INFO - Tweet sequence: 109
2018-09-15 11:18:56,547 - streaming - INFO - Tweet sequence: 110
2018-09-15 11:18:56,596 - streaming - INFO - Tweet sequence: 111
2018-09-15 11:18:56,611 - streaming - INFO - Tweet sequence: 112
2018-09-15 11:18:56,616 - streaming - INFO - Tweet sequence: 113
2018-09-15 11:18:56,624 - streaming - INFO - Tweet sequence: 114
2018-09-15 11:18:56,644 - streaming - INFO - Tweet sequence: 115
2018-09-15 11:18:56,648 - streaming - INFO - Tweet sequence: 116
2018-09-15 11:18:56,671 - streaming - INFO - Tweet sequence: 117
2018-09-15 11:18:56,720 - streaming - INFO - Tweet sequence: 118
2018-09-15 11:18:56,792 - streaming - INFO - Tweet sequence: 119
2018-09-15 11:18:56,796 - streaming - INFO - Tweet sequence: 120
2018-09-15 11:18:56,801 - streaming - INFO - Tweet sequence: 121
2018-09-15 11:18:56,806 - streaming - INFO - Tweet sequence: 122
2018-09-15 11:18:56,818 - streaming - INFO - Tweet sequence: 123
2018-09-15 11:18:56,929 - streaming - INFO - Tweet sequence: 124
2018-09-15 11:18:56,934 - streaming - INFO - Tweet sequence: 125
2018-09-15 11:18:56,937 - streaming - INFO - Tweet sequence: 126
2018-09-15 11:18:56,941 - streaming - INFO - Tweet sequence: 127
2018-09-15 11:18:56,944 - streaming - INFO - Tweet sequence: 128
2018-09-15 11:18:56,961 - streaming - INFO - Tweet sequence: 129
2018-09-15 11:18:56,965 - streaming - INFO - Tweet sequence: 130
2018-09-15 11:18:56,968 - streaming - INFO - Tweet sequence: 131
2018-09-15 11:18:56,972 - streaming - INFO - Tweet sequence: 132
2018-09-15 11:18:56,975 - streaming - INFO - Tweet sequence: 133
2018-09-15 11:18:57,032 - streaming - INFO - Tweet sequence: 134
2018-09-15 11:18:57,132 - streaming - INFO - Tweet sequence: 135
2018-09-15 11:18:57,149 - streaming - INFO - Tweet sequence: 136
2018-09-15 11:18:57,195 - streaming - INFO - Tweet sequence: 137
2018-09-15 11:18:57,266 - streaming - INFO - Tweet sequence: 138
2018-09-15 11:18:57,285 - streaming - INFO - Tweet sequence: 139
2018-09-15 11:18:57,300 - streaming - INFO - Tweet sequence: 140
2018-09-15 11:18:57,371 - streaming - INFO - Tweet sequence: 141
2018-09-15 11:18:57,376 - streaming - INFO - Tweet sequence: 142
2018-09-15 11:18:57,379 - streaming - INFO - Tweet sequence: 143
2018-09-15 11:18:57,391 - streaming - INFO - Tweet sequence: 144
2018-09-15 11:18:57,400 - streaming - INFO - Tweet sequence: 145
2018-09-15 11:18:57,457 - streaming - INFO - Tweet sequence: 146
2018-09-15 11:18:57,462 - streaming - INFO - Tweet sequence: 147
2018-09-15 11:18:57,469 - streaming - INFO - Tweet sequence: 148
2018-09-15 11:18:57,472 - streaming - INFO - Tweet sequence: 149
2018-09-15 11:18:57,474 - streaming - INFO - Tweet sequence: 150
2018-09-15 11:18:57,477 - streaming - INFO - Tweet sequence: 151
2018-09-15 11:18:57,507 - streaming - INFO - Tweet sequence: 152
2018-09-15 11:18:57,522 - streaming - INFO - Tweet sequence: 153
2018-09-15 11:18:57,528 - streaming - INFO - Tweet sequence: 154
2018-09-15 11:18:57,531 - streaming - INFO - Tweet sequence: 155
2018-09-15 11:18:57,535 - streaming - INFO - Tweet sequence: 156
2018-09-15 11:18:57,565 - streaming - INFO - Tweet sequence: 157
2018-09-15 11:18:57,571 - streaming - INFO - Tweet sequence: 158
2018-09-15 11:18:57,589 - streaming - INFO - Tweet sequence: 159
2018-09-15 11:18:57,593 - streaming - INFO - Tweet sequence: 160
2018-09-15 11:18:57,735 - streaming - INFO - Tweet sequence: 161
2018-09-15 11:18:57,752 - streaming - INFO - Tweet sequence: 162
2018-09-15 11:18:57,755 - streaming - INFO - Tweet sequence: 163
2018-09-15 11:18:57,758 - streaming - INFO - Tweet sequence: 164
2018-09-15 11:18:57,795 - streaming - INFO - Tweet sequence: 165
2018-09-15 11:18:57,800 - streaming - INFO - Tweet sequence: 166
2018-09-15 11:18:57,805 - streaming - INFO - Tweet sequence: 167
2018-09-15 11:18:57,825 - streaming - INFO - Tweet sequence: 168
2018-09-15 11:18:57,845 - streaming - INFO - Tweet sequence: 169
2018-09-15 11:18:57,870 - streaming - INFO - Tweet sequence: 170
2018-09-15 11:18:57,874 - streaming - INFO - Tweet sequence: 171
2018-09-15 11:18:57,880 - streaming - INFO - Tweet sequence: 172
2018-09-15 11:18:57,890 - streaming - INFO - Tweet sequence: 173
2018-09-15 11:18:57,900 - streaming - INFO - Tweet sequence: 174
2018-09-15 11:18:57,903 - streaming - INFO - Tweet sequence: 175
2018-09-15 11:18:57,906 - streaming - INFO - Tweet sequence: 176
2018-09-15 11:18:57,911 - streaming - INFO - Tweet sequence: 177
2018-09-15 11:18:57,917 - streaming - INFO - Tweet sequence: 178
2018-09-15 11:18:57,920 - streaming - INFO - Tweet sequence: 179
2018-09-15 11:18:57,923 - streaming - INFO - Tweet sequence: 180
2018-09-15 11:18:57,926 - streaming - INFO - Tweet sequence: 181
2018-09-15 11:18:57,929 - streaming - INFO - Tweet sequence: 182
2018-09-15 11:18:57,932 - streaming - INFO - Tweet sequence: 183
2018-09-15 11:18:57,936 - streaming - INFO - Tweet sequence: 184
2018-09-15 11:18:57,939 - streaming - INFO - Tweet sequence: 185
2018-09-15 11:18:57,941 - streaming - INFO - Tweet sequence: 186
2018-09-15 11:18:58,051 - streaming - INFO - Tweet sequence: 187
2018-09-15 11:18:58,072 - streaming - INFO - Tweet sequence: 188
2018-09-15 11:18:58,100 - streaming - INFO - Tweet sequence: 189
2018-09-15 11:18:58,111 - streaming - INFO - Tweet sequence: 190
2018-09-15 11:18:58,114 - streaming - INFO - Tweet sequence: 191
2018-09-15 11:18:58,121 - streaming - INFO - Tweet sequence: 192
2018-09-15 11:18:58,126 - streaming - INFO - Tweet sequence: 193
2018-09-15 11:18:58,186 - streaming - INFO - Tweet sequence: 194
2018-09-15 11:18:58,191 - streaming - INFO - Tweet sequence: 195
2018-09-15 11:18:58,209 - streaming - INFO - Tweet sequence: 196
2018-09-15 11:18:58,212 - streaming - INFO - Tweet sequence: 197
2018-09-15 11:18:58,216 - streaming - INFO - Tweet sequence: 198
2018-09-15 11:18:58,220 - streaming - INFO - Tweet sequence: 199
2018-09-15 11:18:58,226 - streaming - INFO - Tweet sequence: 200
2018-09-15 11:18:58,261 - streaming - INFO - Tweet sequence: 201
2018-09-15 11:18:58,265 - streaming - INFO - Tweet sequence: 202
2018-09-15 11:18:58,271 - streaming - INFO - Tweet sequence: 203
2018-09-15 11:18:58,274 - streaming - INFO - Tweet sequence: 204
2018-09-15 11:18:58,278 - streaming - INFO - Tweet sequence: 205
2018-09-15 11:18:58,280 - streaming - INFO - Tweet sequence: 206
2018-09-15 11:18:58,283 - streaming - INFO - Tweet sequence: 207
2018-09-15 11:18:58,285 - streaming - INFO - Tweet sequence: 208
2018-09-15 11:18:58,288 - streaming - INFO - Tweet sequence: 209
2018-09-15 11:18:58,387 - streaming - INFO - Tweet sequence: 210
2018-09-15 11:18:58,396 - streaming - INFO - Tweet sequence: 211
2018-09-15 11:18:58,429 - streaming - INFO - Tweet sequence: 212
2018-09-15 11:18:58,436 - streaming - INFO - Tweet sequence: 213
2018-09-15 11:18:58,441 - streaming - INFO - Tweet sequence: 214
2018-09-15 11:18:58,443 - streaming - INFO - Tweet sequence: 215
2018-09-15 11:18:58,477 - streaming - INFO - Tweet sequence: 216
2018-09-15 11:18:58,493 - streaming - INFO - Tweet sequence: 217
2018-09-15 11:18:58,496 - streaming - INFO - Tweet sequence: 218
2018-09-15 11:18:58,521 - streaming - INFO - Tweet sequence: 219
2018-09-15 11:18:58,534 - streaming - INFO - Tweet sequence: 220
2018-09-15 11:18:58,537 - streaming - INFO - Tweet sequence: 221
2018-09-15 11:18:58,540 - streaming - INFO - Tweet sequence: 222
2018-09-15 11:18:58,542 - streaming - INFO - Tweet sequence: 223
2018-09-15 11:18:58,545 - streaming - INFO - Tweet sequence: 224
2018-09-15 11:18:58,551 - streaming - INFO - Tweet sequence: 225
2018-09-15 11:18:58,554 - streaming - INFO - Tweet sequence: 226
2018-09-15 11:18:58,560 - streaming - INFO - Tweet sequence: 227
2018-09-15 11:18:58,563 - streaming - INFO - Tweet sequence: 228
2018-09-15 11:18:58,576 - streaming - INFO - Tweet sequence: 229
2018-09-15 11:18:58,580 - streaming - INFO - Tweet sequence: 230
2018-09-15 11:18:58,583 - streaming - INFO - Tweet sequence: 231
2018-09-15 11:18:58,588 - streaming - INFO - Tweet sequence: 232
2018-09-15 11:18:58,597 - streaming - INFO - Tweet sequence: 233
2018-09-15 11:18:58,600 - streaming - INFO - Tweet sequence: 234
2018-09-15 11:18:58,715 - streaming - INFO - Tweet sequence: 235
2018-09-15 11:18:58,721 - streaming - INFO - Tweet sequence: 236
2018-09-15 11:18:58,745 - streaming - INFO - Tweet sequence: 237
2018-09-15 11:18:58,750 - streaming - INFO - Tweet sequence: 238
2018-09-15 11:18:58,754 - streaming - INFO - Tweet sequence: 239
2018-09-15 11:18:58,756 - streaming - INFO - Tweet sequence: 240
2018-09-15 11:18:58,759 - streaming - INFO - Tweet sequence: 241
2018-09-15 11:18:58,763 - streaming - INFO - Tweet sequence: 242
2018-09-15 11:18:58,776 - streaming - INFO - Tweet sequence: 243
2018-09-15 11:18:58,780 - streaming - INFO - Tweet sequence: 244
2018-09-15 11:18:58,807 - streaming - INFO - Tweet sequence: 245
2018-09-15 11:18:58,880 - streaming - INFO - Tweet sequence: 246
2018-09-15 11:18:58,884 - streaming - INFO - Tweet sequence: 247
2018-09-15 11:18:58,887 - streaming - INFO - Tweet sequence: 248
2018-09-15 11:18:58,910 - streaming - INFO - Tweet sequence: 249
2018-09-15 11:18:58,915 - streaming - INFO - Tweet sequence: 250
2018-09-15 11:18:58,918 - streaming - INFO - Tweet sequence: 251
2018-09-15 11:18:58,921 - streaming - INFO - Tweet sequence: 252
2018-09-15 11:18:58,925 - streaming - INFO - Tweet sequence: 253
2018-09-15 11:18:58,930 - streaming - INFO - Tweet sequence: 254
2018-09-15 11:18:58,937 - streaming - INFO - Tweet sequence: 255
2018-09-15 11:18:58,940 - streaming - INFO - Tweet sequence: 256
2018-09-15 11:18:58,944 - streaming - INFO - Tweet sequence: 257
2018-09-15 11:18:58,947 - streaming - INFO - Tweet sequence: 258
2018-09-15 11:18:58,950 - streaming - INFO - Tweet sequence: 259
2018-09-15 11:18:58,953 - streaming - INFO - Tweet sequence: 260
2018-09-15 11:18:58,956 - streaming - INFO - Tweet sequence: 261
2018-09-15 11:18:59,060 - streaming - INFO - Tweet sequence: 262
2018-09-15 11:18:59,064 - streaming - INFO - Tweet sequence: 263
2018-09-15 11:18:59,069 - streaming - INFO - Tweet sequence: 264
2018-09-15 11:18:59,080 - streaming - INFO - Tweet sequence: 265
2018-09-15 11:18:59,083 - streaming - INFO - Tweet sequence: 266
2018-09-15 11:18:59,086 - streaming - INFO - Tweet sequence: 267
2018-09-15 11:18:59,088 - streaming - INFO - Tweet sequence: 268
2018-09-15 11:18:59,091 - streaming - INFO - Tweet sequence: 269
2018-09-15 11:18:59,095 - streaming - INFO - Tweet sequence: 270
2018-09-15 11:18:59,132 - streaming - INFO - Tweet sequence: 271
2018-09-15 11:18:59,154 - streaming - INFO - Tweet sequence: 272
2018-09-15 11:18:59,192 - streaming - INFO - Tweet sequence: 273
2018-09-15 11:18:59,197 - streaming - INFO - Tweet sequence: 274
2018-09-15 11:18:59,201 - streaming - INFO - Tweet sequence: 275
2018-09-15 11:18:59,205 - streaming - INFO - Tweet sequence: 276
2018-09-15 11:18:59,208 - streaming - INFO - Tweet sequence: 277
2018-09-15 11:18:59,210 - streaming - INFO - Tweet sequence: 278
2018-09-15 11:18:59,213 - streaming - INFO - Tweet sequence: 279
2018-09-15 11:18:59,216 - streaming - INFO - Tweet sequence: 280
2018-09-15 11:18:59,234 - streaming - INFO - Tweet sequence: 281
2018-09-15 11:18:59,248 - streaming - INFO - Tweet sequence: 282
2018-09-15 11:18:59,253 - streaming - INFO - Tweet sequence: 283
2018-09-15 11:18:59,256 - streaming - INFO - Tweet sequence: 284
2018-09-15 11:18:59,260 - streaming - INFO - Tweet sequence: 285
2018-09-15 11:18:59,263 - streaming - INFO - Tweet sequence: 286
2018-09-15 11:18:59,343 - streaming - INFO - Tweet sequence: 287
2018-09-15 11:18:59,347 - streaming - INFO - Tweet sequence: 288
2018-09-15 11:18:59,384 - streaming - INFO - Tweet sequence: 289
2018-09-15 11:18:59,399 - streaming - INFO - Tweet sequence: 290
2018-09-15 11:18:59,401 - streaming - INFO - Tweet sequence: 291
2018-09-15 11:18:59,405 - streaming - INFO - Tweet sequence: 292
2018-09-15 11:18:59,408 - streaming - INFO - Tweet sequence: 293
2018-09-15 11:18:59,427 - streaming - INFO - Tweet sequence: 294
2018-09-15 11:18:59,434 - streaming - INFO - Tweet sequence: 295
2018-09-15 11:18:59,438 - streaming - INFO - Tweet sequence: 296
2018-09-15 11:18:59,440 - streaming - INFO - Tweet sequence: 297
2018-09-15 11:18:59,447 - streaming - INFO - Tweet sequence: 298
2018-09-15 11:18:59,451 - streaming - INFO - Tweet sequence: 299
2018-09-15 11:18:59,464 - streaming - INFO - Tweet sequence: 300
2018-09-15 11:18:59,467 - streaming - INFO - Tweet sequence: 301
2018-09-15 11:18:59,471 - streaming - INFO - Tweet sequence: 302
2018-09-15 11:18:59,475 - streaming - INFO - Tweet sequence: 303
2018-09-15 11:18:59,506 - streaming - INFO - Tweet sequence: 304
2018-09-15 11:18:59,523 - streaming - INFO - Tweet sequence: 305
2018-09-15 11:18:59,526 - streaming - INFO - Tweet sequence: 306
2018-09-15 11:18:59,528 - streaming - INFO - Tweet sequence: 307
2018-09-15 11:18:59,530 - streaming - INFO - Tweet sequence: 308
2018-09-15 11:18:59,534 - streaming - INFO - Tweet sequence: 309
2018-09-15 11:18:59,537 - streaming - INFO - Tweet sequence: 310
2018-09-15 11:18:59,544 - streaming - INFO - Tweet sequence: 311
2018-09-15 11:24:03,037 - streaming - INFO - Twitter API Auth successful
2018-09-15 11:24:03,038 - streaming - INFO - Tracking [u'#KyunkiYahanBhajpaHai', u'hello', u'a']
2018-09-15 11:24:03,159 - streaming - INFO - Connection Made
2018-09-15 11:24:05,170 - streaming - INFO - Tweet sequence: 1
2018-09-15 11:24:05,177 - streaming - INFO - Tweet sequence: 2
2018-09-15 11:24:05,580 - streaming - INFO - Tweet sequence: 3
2018-09-15 11:24:05,584 - streaming - INFO - Tweet sequence: 4
2018-09-15 11:24:05,587 - streaming - INFO - Tweet sequence: 5
2018-09-15 11:24:05,591 - streaming - INFO - Tweet sequence: 6
2018-09-15 11:24:05,595 - streaming - INFO - Tweet sequence: 7
2018-09-15 11:24:05,597 - streaming - INFO - Tweet sequence: 8
2018-09-15 11:24:05,990 - streaming - INFO - Tweet sequence: 9
2018-09-15 11:24:05,994 - streaming - INFO - Tweet sequence: 10
2018-09-15 11:24:05,997 - streaming - INFO - Tweet sequence: 11
2018-09-15 11:24:06,000 - streaming - INFO - Tweet sequence: 12
2018-09-15 11:24:06,004 - streaming - INFO - Tweet sequence: 13
2018-09-15 11:24:06,007 - streaming - INFO - Tweet sequence: 14
2018-09-15 11:24:06,399 - streaming - INFO - Tweet sequence: 15
2018-09-15 11:24:06,404 - streaming - INFO - Tweet sequence: 16
2018-09-15 11:24:06,406 - streaming - INFO - Tweet sequence: 17
2018-09-15 11:24:06,409 - streaming - INFO - Tweet sequence: 18
2018-09-15 11:24:06,807 - streaming - INFO - Tweet sequence: 19
2018-09-15 11:24:06,810 - streaming - INFO - Tweet sequence: 20
2018-09-15 11:24:06,814 - streaming - INFO - Tweet sequence: 21
2018-09-15 11:24:06,818 - streaming - INFO - Tweet sequence: 22
2018-09-15 11:24:06,821 - streaming - INFO - Tweet sequence: 23
2018-09-15 11:24:07,221 - streaming - INFO - Tweet sequence: 24
2018-09-15 11:24:07,224 - streaming - INFO - Tweet sequence: 25
2018-09-15 11:24:07,230 - streaming - INFO - Tweet sequence: 26
2018-09-15 11:24:07,235 - streaming - INFO - Tweet sequence: 27
2018-09-15 11:24:07,703 - streaming - INFO - Tweet sequence: 28
2018-09-15 11:24:07,714 - streaming - INFO - Tweet sequence: 29
2018-09-15 11:24:07,743 - streaming - INFO - Tweet sequence: 30
2018-09-15 11:24:07,746 - streaming - INFO - Tweet sequence: 31
2018-09-15 11:24:07,749 - streaming - INFO - Tweet sequence: 32
2018-09-15 11:24:08,036 - streaming - INFO - Tweet sequence: 33
2018-09-15 11:24:08,040 - streaming - INFO - Tweet sequence: 34
2018-09-15 11:24:08,091 - streaming - INFO - Tweet sequence: 35
2018-09-15 11:24:08,373 - streaming - INFO - Tweet sequence: 36
2018-09-15 11:24:08,435 - streaming - INFO - Tweet sequence: 37
2018-09-15 11:24:08,468 - streaming - INFO - Tweet sequence: 38
2018-09-15 11:24:08,493 - streaming - INFO - Tweet sequence: 39
2018-09-15 11:24:08,558 - streaming - INFO - Tweet sequence: 40
2018-09-15 11:24:08,563 - streaming - INFO - Tweet sequence: 41
2018-09-15 11:24:08,774 - streaming - INFO - Tweet sequence: 42
2018-09-15 11:24:08,779 - streaming - INFO - Tweet sequence: 43
2018-09-15 11:24:08,803 - streaming - INFO - Tweet sequence: 44
2018-09-15 11:24:08,811 - streaming - INFO - Tweet sequence: 45
2018-09-15 11:24:08,885 - streaming - INFO - Tweet sequence: 46
2018-09-15 11:24:08,901 - streaming - INFO - Tweet sequence: 47
2018-09-15 11:24:08,925 - streaming - INFO - Tweet sequence: 48
2018-09-15 11:24:09,109 - streaming - INFO - Tweet sequence: 49
2018-09-15 11:24:09,238 - streaming - INFO - Tweet sequence: 50
2018-09-15 11:24:09,465 - streaming - INFO - Tweet sequence: 51
2018-09-15 11:24:09,488 - streaming - INFO - Tweet sequence: 52
2018-09-15 11:24:09,532 - streaming - INFO - Tweet sequence: 53
2018-09-15 11:24:09,560 - streaming - INFO - Tweet sequence: 54
2018-09-15 11:24:09,565 - streaming - INFO - Tweet sequence: 55
2018-09-15 11:24:09,568 - streaming - INFO - Tweet sequence: 56
2018-09-15 11:24:09,572 - streaming - INFO - Tweet sequence: 57
2018-09-15 11:24:09,726 - streaming - INFO - Tweet sequence: 58
2018-09-15 11:24:09,729 - streaming - INFO - Tweet sequence: 59
2018-09-15 11:24:09,733 - streaming - INFO - Tweet sequence: 60
2018-09-15 11:24:09,745 - streaming - INFO - Tweet sequence: 61
2018-09-15 11:24:09,845 - streaming - INFO - Tweet sequence: 62
2018-09-15 11:24:09,959 - streaming - INFO - Tweet sequence: 63
2018-09-15 11:24:09,969 - streaming - INFO - Tweet sequence: 64
2018-09-15 11:24:10,054 - streaming - INFO - Tweet sequence: 65
2018-09-15 11:24:10,068 - streaming - INFO - Tweet sequence: 66
2018-09-15 11:24:10,217 - streaming - INFO - Tweet sequence: 67
2018-09-15 11:24:10,222 - streaming - INFO - Tweet sequence: 68
2018-09-15 11:24:10,225 - streaming - INFO - Tweet sequence: 69
2018-09-15 11:24:10,228 - streaming - INFO - Tweet sequence: 70
2018-09-15 11:24:10,232 - streaming - INFO - Tweet sequence: 71
2018-09-15 11:24:10,235 - streaming - INFO - Tweet sequence: 72
2018-09-15 11:24:10,238 - streaming - INFO - Tweet sequence: 73
2018-09-15 11:24:10,279 - streaming - INFO - Tweet sequence: 74
2018-09-15 11:24:10,284 - streaming - INFO - Tweet sequence: 75
2018-09-15 11:24:10,312 - streaming - INFO - Tweet sequence: 76
2018-09-15 11:24:10,316 - streaming - INFO - Tweet sequence: 77
2018-09-15 11:24:10,376 - streaming - INFO - Tweet sequence: 78
2018-09-15 11:24:10,498 - streaming - INFO - Tweet sequence: 79
2018-09-15 11:24:10,539 - streaming - INFO - Tweet sequence: 80
2018-09-15 11:24:10,559 - streaming - INFO - Tweet sequence: 81
2018-09-15 11:24:10,565 - streaming - INFO - Tweet sequence: 82
2018-09-15 11:24:10,568 - streaming - INFO - Tweet sequence: 83
2018-09-15 11:24:10,570 - streaming - INFO - Tweet sequence: 84
2018-09-15 11:24:10,572 - streaming - INFO - Tweet sequence: 85
2018-09-15 11:24:10,574 - streaming - INFO - Tweet sequence: 86
2018-09-15 11:24:10,578 - streaming - INFO - Tweet sequence: 87
2018-09-15 11:24:10,581 - streaming - INFO - Tweet sequence: 88
2018-09-15 11:24:10,583 - streaming - INFO - Tweet sequence: 89
2018-09-15 11:24:10,586 - streaming - INFO - Tweet sequence: 90
2018-09-15 11:24:10,624 - streaming - INFO - Tweet sequence: 91
2018-09-15 11:24:10,630 - streaming - INFO - Tweet sequence: 92
2018-09-15 11:24:10,758 - streaming - INFO - Tweet sequence: 93
2018-09-15 11:24:10,827 - streaming - INFO - Tweet sequence: 94
2018-09-15 11:24:10,873 - streaming - INFO - Tweet sequence: 95
2018-09-15 11:24:10,879 - streaming - INFO - Tweet sequence: 96
2018-09-15 11:24:10,884 - streaming - INFO - Tweet sequence: 97
2018-09-15 11:24:10,889 - streaming - INFO - Tweet sequence: 98
2018-09-15 11:24:10,905 - streaming - INFO - Tweet sequence: 99
2018-09-15 11:24:10,908 - streaming - INFO - Tweet sequence: 100
2018-09-15 11:24:10,912 - streaming - INFO - Tweet sequence: 101
2018-09-15 11:24:10,915 - streaming - INFO - Tweet sequence: 102
2018-09-15 11:24:10,919 - streaming - INFO - Tweet sequence: 103
2018-09-15 11:24:10,922 - streaming - INFO - Tweet sequence: 104
2018-09-15 11:24:10,925 - streaming - INFO - Tweet sequence: 105
2018-09-15 11:24:11,048 - streaming - INFO - Tweet sequence: 106
2018-09-15 11:24:11,054 - streaming - INFO - Tweet sequence: 107
2018-09-15 11:24:11,188 - streaming - INFO - Tweet sequence: 108
2018-09-15 11:24:11,206 - streaming - INFO - Tweet sequence: 109
2018-09-15 11:24:11,211 - streaming - INFO - Tweet sequence: 110
2018-09-15 11:24:11,215 - streaming - INFO - Tweet sequence: 111
2018-09-15 11:24:11,218 - streaming - INFO - Tweet sequence: 112
2018-09-15 11:24:11,220 - streaming - INFO - Tweet sequence: 113
2018-09-15 11:24:11,225 - streaming - INFO - Tweet sequence: 114
2018-09-15 11:24:11,229 - streaming - INFO - Tweet sequence: 115
2018-09-15 11:24:11,234 - streaming - INFO - Tweet sequence: 116
2018-09-15 11:24:11,236 - streaming - INFO - Tweet sequence: 117
2018-09-15 11:24:11,245 - streaming - INFO - Tweet sequence: 118
2018-09-15 11:24:11,247 - streaming - INFO - Tweet sequence: 119
2018-09-15 11:24:11,253 - streaming - INFO - Tweet sequence: 120
2018-09-15 11:24:11,255 - streaming - INFO - Tweet sequence: 121
2018-09-15 11:24:11,404 - streaming - INFO - Tweet sequence: 122
2018-09-15 11:24:11,478 - streaming - INFO - Tweet sequence: 123
2018-09-15 11:24:11,488 - streaming - INFO - Tweet sequence: 124
2018-09-15 11:24:11,501 - streaming - INFO - Tweet sequence: 125
2018-09-15 11:24:11,520 - streaming - INFO - Tweet sequence: 126
2018-09-15 11:24:11,525 - streaming - INFO - Tweet sequence: 127
2018-09-15 11:24:11,528 - streaming - INFO - Tweet sequence: 128
2018-09-15 11:24:11,531 - streaming - INFO - Tweet sequence: 129
2018-09-15 11:24:11,533 - streaming - INFO - Tweet sequence: 130
2018-09-15 11:24:11,535 - streaming - INFO - Tweet sequence: 131
2018-09-15 11:24:11,538 - streaming - INFO - Tweet sequence: 132
2018-09-15 11:24:11,555 - streaming - INFO - Tweet sequence: 133
2018-09-15 11:24:11,559 - streaming - INFO - Tweet sequence: 134
2018-09-15 11:24:11,562 - streaming - INFO - Tweet sequence: 135
2018-09-15 11:24:11,565 - streaming - INFO - Tweet sequence: 136
2018-09-15 11:24:11,568 - streaming - INFO - Tweet sequence: 137
2018-09-15 11:24:11,579 - streaming - INFO - Tweet sequence: 138
2018-09-15 11:24:11,581 - streaming - INFO - Tweet sequence: 139
2018-09-15 11:24:11,585 - streaming - INFO - Tweet sequence: 140
2018-09-15 11:24:11,599 - streaming - INFO - Tweet sequence: 141
2018-09-15 11:24:11,602 - streaming - INFO - Tweet sequence: 142
2018-09-15 11:24:11,604 - streaming - INFO - Tweet sequence: 143
2018-09-15 11:24:11,607 - streaming - INFO - Tweet sequence: 144
2018-09-15 11:24:11,664 - streaming - INFO - Tweet sequence: 145
2018-09-15 11:24:11,789 - streaming - INFO - Tweet sequence: 146
2018-09-15 11:24:11,794 - streaming - INFO - Tweet sequence: 147
2018-09-15 11:24:11,813 - streaming - INFO - Tweet sequence: 148
2018-09-15 11:24:11,829 - streaming - INFO - Tweet sequence: 149
2018-09-15 11:24:11,858 - streaming - INFO - Tweet sequence: 150
2018-09-15 11:24:11,861 - streaming - INFO - Tweet sequence: 151
2018-09-15 11:24:11,863 - streaming - INFO - Tweet sequence: 152
2018-09-15 11:24:11,900 - streaming - INFO - Tweet sequence: 153
2018-09-15 11:24:11,903 - streaming - INFO - Tweet sequence: 154
2018-09-15 11:24:11,919 - streaming - INFO - Tweet sequence: 155
2018-09-15 11:24:11,934 - streaming - INFO - Tweet sequence: 156
2018-09-15 11:24:11,942 - streaming - INFO - Tweet sequence: 157
2018-09-15 11:24:11,951 - streaming - INFO - Tweet sequence: 158
2018-09-15 11:24:11,953 - streaming - INFO - Tweet sequence: 159
2018-09-15 11:24:11,971 - streaming - INFO - Tweet sequence: 160
2018-09-15 11:24:11,995 - streaming - INFO - Tweet sequence: 161
2018-09-15 11:24:11,998 - streaming - INFO - Tweet sequence: 162
2018-09-15 11:24:12,037 - streaming - INFO - Tweet sequence: 163
2018-09-15 11:24:12,118 - streaming - INFO - Tweet sequence: 164
2018-09-15 11:24:12,131 - streaming - INFO - Tweet sequence: 165
2018-09-15 11:24:12,167 - streaming - INFO - Tweet sequence: 166
2018-09-15 11:24:12,170 - streaming - INFO - Tweet sequence: 167
2018-09-15 11:24:12,172 - streaming - INFO - Tweet sequence: 168
2018-09-15 11:24:12,174 - streaming - INFO - Tweet sequence: 169
2018-09-15 11:24:12,176 - streaming - INFO - Tweet sequence: 170
2018-09-15 11:24:12,195 - streaming - INFO - Tweet sequence: 171
2018-09-15 11:24:12,209 - streaming - INFO - Tweet sequence: 172
2018-09-15 11:24:12,215 - streaming - INFO - Tweet sequence: 173
2018-09-15 11:24:12,219 - streaming - INFO - Tweet sequence: 174
2018-09-15 11:24:12,222 - streaming - INFO - Tweet sequence: 175
2018-09-15 11:24:12,253 - streaming - INFO - Tweet sequence: 176
2018-09-15 11:24:12,256 - streaming - INFO - Tweet sequence: 177
2018-09-15 11:24:12,269 - streaming - INFO - Tweet sequence: 178
2018-09-15 11:24:12,275 - streaming - INFO - Tweet sequence: 179
2018-09-15 11:24:12,287 - streaming - INFO - Tweet sequence: 180
2018-09-15 11:24:12,318 - streaming - INFO - Tweet sequence: 181
2018-09-15 11:24:12,325 - streaming - INFO - Tweet sequence: 182
2018-09-15 11:24:12,360 - streaming - INFO - Tweet sequence: 183
2018-09-15 11:24:12,428 - streaming - INFO - Tweet sequence: 184
2018-09-15 11:24:12,439 - streaming - INFO - Tweet sequence: 185
2018-09-15 11:24:12,447 - streaming - INFO - Tweet sequence: 186
2018-09-15 11:24:12,492 - streaming - INFO - Tweet sequence: 187
2018-09-15 11:24:12,538 - streaming - INFO - Tweet sequence: 188
2018-09-15 11:24:12,542 - streaming - INFO - Tweet sequence: 189
2018-09-15 11:24:12,548 - streaming - INFO - Tweet sequence: 190
2018-09-15 11:24:12,551 - streaming - INFO - Tweet sequence: 191
2018-09-15 11:24:12,565 - streaming - INFO - Tweet sequence: 192
2018-09-15 11:24:12,568 - streaming - INFO - Tweet sequence: 193
2018-09-15 11:24:12,573 - streaming - INFO - Tweet sequence: 194
2018-09-15 11:24:12,575 - streaming - INFO - Tweet sequence: 195
2018-09-15 11:24:12,584 - streaming - INFO - Tweet sequence: 196
2018-09-15 11:24:12,605 - streaming - INFO - Tweet sequence: 197
2018-09-15 11:24:12,607 - streaming - INFO - Tweet sequence: 198
2018-09-15 11:24:12,614 - streaming - INFO - Tweet sequence: 199
2018-09-15 11:24:12,616 - streaming - INFO - Tweet sequence: 200
2018-09-15 11:24:12,636 - streaming - INFO - Tweet sequence: 201
2018-09-15 11:24:12,641 - streaming - INFO - Tweet sequence: 202
2018-09-15 11:24:12,645 - streaming - INFO - Tweet sequence: 203
2018-09-15 11:24:12,648 - streaming - INFO - Tweet sequence: 204
2018-09-15 11:24:12,766 - streaming - INFO - Tweet sequence: 205
2018-09-15 11:24:12,780 - streaming - INFO - Tweet sequence: 206
2018-09-15 11:24:12,791 - streaming - INFO - Tweet sequence: 207
2018-09-15 11:24:12,829 - streaming - INFO - Tweet sequence: 208
2018-09-15 11:24:12,833 - streaming - INFO - Tweet sequence: 209
2018-09-15 11:24:12,851 - streaming - INFO - Tweet sequence: 210
2018-09-15 11:24:12,856 - streaming - INFO - Tweet sequence: 211
2018-09-15 11:24:12,859 - streaming - INFO - Tweet sequence: 212
2018-09-15 11:24:12,862 - streaming - INFO - Tweet sequence: 213
2018-09-15 11:24:12,867 - streaming - INFO - Tweet sequence: 214
2018-09-15 11:24:12,874 - streaming - INFO - Tweet sequence: 215
2018-09-15 11:24:12,879 - streaming - INFO - Tweet sequence: 216
2018-09-15 11:24:12,882 - streaming - INFO - Tweet sequence: 217
2018-09-15 11:24:12,903 - streaming - INFO - Tweet sequence: 218
2018-09-15 11:24:12,908 - streaming - INFO - Tweet sequence: 219
2018-09-15 11:24:12,912 - streaming - INFO - Tweet sequence: 220
2018-09-15 11:24:12,916 - streaming - INFO - Tweet sequence: 221
2018-09-15 11:24:12,918 - streaming - INFO - Tweet sequence: 222
2018-09-15 11:24:12,945 - streaming - INFO - Tweet sequence: 223
2018-09-15 11:24:12,949 - streaming - INFO - Tweet sequence: 224
2018-09-15 11:24:12,952 - streaming - INFO - Tweet sequence: 225
2018-09-15 11:24:12,954 - streaming - INFO - Tweet sequence: 226
2018-09-15 11:24:12,957 - streaming - INFO - Tweet sequence: 227
2018-09-15 11:24:12,959 - streaming - INFO - Tweet sequence: 228
2018-09-15 11:24:12,962 - streaming - INFO - Tweet sequence: 229
2018-09-15 11:24:12,987 - streaming - INFO - Tweet sequence: 230
2018-09-15 11:24:13,034 - streaming - INFO - Tweet sequence: 231
2018-09-15 11:24:13,038 - streaming - INFO - Tweet sequence: 232
2018-09-15 11:24:13,050 - streaming - INFO - Tweet sequence: 233
2018-09-15 11:24:13,053 - streaming - INFO - Tweet sequence: 234
2018-09-15 11:24:13,090 - streaming - INFO - Tweet sequence: 235
2018-09-15 11:24:13,111 - streaming - INFO - Tweet sequence: 236
2018-09-15 11:24:13,139 - streaming - INFO - Tweet sequence: 237
2018-09-15 11:24:13,143 - streaming - INFO - Tweet sequence: 238
2018-09-15 11:24:13,181 - streaming - INFO - Tweet sequence: 239
2018-09-15 11:24:13,190 - streaming - INFO - Tweet sequence: 240
2018-09-15 11:24:13,197 - streaming - INFO - Tweet sequence: 241
2018-09-15 11:24:13,204 - streaming - INFO - Tweet sequence: 242
2018-09-15 11:24:13,210 - streaming - INFO - Tweet sequence: 243
2018-09-15 11:27:33,752 - streaming - INFO - Twitter API Auth successful
2018-09-15 11:27:33,754 - streaming - INFO - Tracking [u'#KyunkiYahanBhajpaHai', u'hello', u'a']
2018-09-15 11:27:33,872 - streaming - INFO - Connection Made
2018-09-15 11:27:36,522 - streaming - INFO - Tweet sequence: 1
2018-09-15 11:27:36,724 - streaming - INFO - Tweet sequence: 2
2018-09-15 11:27:36,727 - streaming - INFO - Tweet sequence: 3
2018-09-15 11:27:36,731 - streaming - INFO - Tweet sequence: 4
2018-09-15 11:27:36,840 - streaming - INFO - Tweet sequence: 5
2018-09-15 11:27:36,857 - streaming - INFO - Tweet sequence: 6
2018-09-15 11:27:36,939 - streaming - INFO - Tweet sequence: 7
2018-09-15 11:27:36,960 - streaming - INFO - Tweet sequence: 8
2018-09-15 11:27:37,236 - streaming - INFO - Tweet sequence: 9
2018-09-15 11:27:37,245 - streaming - INFO - Tweet sequence: 10
2018-09-15 11:27:37,284 - streaming - INFO - Tweet sequence: 11
2018-09-15 11:27:37,487 - streaming - INFO - Tweet sequence: 12
2018-09-15 11:27:37,590 - streaming - INFO - Tweet sequence: 13
2018-09-15 11:27:37,594 - streaming - INFO - Tweet sequence: 14
2018-09-15 11:27:37,597 - streaming - INFO - Tweet sequence: 15
2018-09-15 11:27:37,601 - streaming - INFO - Tweet sequence: 16
2018-09-15 11:27:37,865 - streaming - INFO - Tweet sequence: 17
2018-09-15 11:27:37,899 - streaming - INFO - Tweet sequence: 18
2018-09-15 11:27:37,911 - streaming - INFO - Tweet sequence: 19
2018-09-15 11:27:37,915 - streaming - INFO - Tweet sequence: 20
2018-09-15 11:27:37,923 - streaming - INFO - Tweet sequence: 21
2018-09-15 11:27:38,363 - streaming - INFO - Tweet sequence: 22
2018-09-15 11:27:38,369 - streaming - INFO - Tweet sequence: 23
2018-09-15 11:27:38,372 - streaming - INFO - Tweet sequence: 24
2018-09-15 11:27:38,375 - streaming - INFO - Tweet sequence: 25
2018-09-15 11:27:38,379 - streaming - INFO - Tweet sequence: 26
2018-09-15 11:27:38,382 - streaming - INFO - Tweet sequence: 27
2018-09-15 11:27:38,701 - streaming - INFO - Tweet sequence: 28
2018-09-15 11:27:38,715 - streaming - INFO - Tweet sequence: 29
2018-09-15 11:27:38,725 - streaming - INFO - Tweet sequence: 30
2018-09-15 11:27:38,730 - streaming - INFO - Tweet sequence: 31
2018-09-15 11:27:38,734 - streaming - INFO - Tweet sequence: 32
2018-09-15 11:27:38,751 - streaming - INFO - Tweet sequence: 33
2018-09-15 11:27:39,204 - streaming - INFO - Tweet sequence: 34
2018-09-15 11:27:39,209 - streaming - INFO - Tweet sequence: 35
2018-09-15 11:27:39,214 - streaming - INFO - Tweet sequence: 36
2018-09-15 11:27:39,217 - streaming - INFO - Tweet sequence: 37
2018-09-15 11:27:39,221 - streaming - INFO - Tweet sequence: 38
2018-09-15 11:27:39,229 - streaming - INFO - Tweet sequence: 39
2018-09-15 11:27:39,808 - streaming - INFO - Tweet sequence: 40
2018-09-15 11:27:39,813 - streaming - INFO - Tweet sequence: 41
2018-09-15 11:27:39,817 - streaming - INFO - Tweet sequence: 42
2018-09-15 11:27:39,820 - streaming - INFO - Tweet sequence: 43
2018-09-15 11:27:39,822 - streaming - INFO - Tweet sequence: 44
2018-09-15 11:27:39,824 - streaming - INFO - Tweet sequence: 45
2018-09-15 11:27:39,830 - streaming - INFO - Tweet sequence: 46
2018-09-15 11:27:40,210 - streaming - INFO - Tweet sequence: 47
2018-09-15 11:27:40,214 - streaming - INFO - Tweet sequence: 48
2018-09-15 11:27:40,217 - streaming - INFO - Tweet sequence: 49
2018-09-15 11:27:40,219 - streaming - INFO - Tweet sequence: 50
2018-09-15 11:27:40,222 - streaming - INFO - Tweet sequence: 51
2018-09-15 11:27:40,225 - streaming - INFO - Tweet sequence: 52
2018-09-15 11:27:40,227 - streaming - INFO - Tweet sequence: 53
2018-09-15 11:27:40,231 - streaming - INFO - Tweet sequence: 54
2018-09-15 11:27:40,239 - streaming - INFO - Tweet sequence: 55
2018-09-15 11:27:40,260 - streaming - INFO - Tweet sequence: 56
2018-09-15 11:27:40,580 - streaming - INFO - Tweet sequence: 57
2018-09-15 11:27:40,606 - streaming - INFO - Tweet sequence: 58
2018-09-15 11:27:40,641 - streaming - INFO - Tweet sequence: 59
2018-09-15 11:27:40,651 - streaming - INFO - Tweet sequence: 60
2018-09-15 11:27:40,670 - streaming - INFO - Tweet sequence: 61
2018-09-15 11:27:40,683 - streaming - INFO - Tweet sequence: 62
2018-09-15 11:27:40,692 - streaming - INFO - Tweet sequence: 63
2018-09-15 11:27:40,751 - streaming - INFO - Tweet sequence: 64
2018-09-15 11:27:40,967 - streaming - INFO - Tweet sequence: 65
2018-09-15 11:27:40,969 - streaming - INFO - Tweet sequence: 66
2018-09-15 11:27:40,973 - streaming - INFO - Tweet sequence: 67
2018-09-15 11:27:40,991 - streaming - INFO - Tweet sequence: 68
2018-09-15 11:27:40,995 - streaming - INFO - Tweet sequence: 69
2018-09-15 11:27:41,059 - streaming - INFO - Tweet sequence: 70
2018-09-15 11:27:41,075 - streaming - INFO - Tweet sequence: 71
2018-09-15 11:27:41,079 - streaming - INFO - Tweet sequence: 72
2018-09-15 11:27:41,082 - streaming - INFO - Tweet sequence: 73
2018-09-15 11:27:41,182 - streaming - INFO - Tweet sequence: 74
2018-09-15 11:27:41,207 - streaming - INFO - Tweet sequence: 75
2018-09-15 11:27:41,236 - streaming - INFO - Tweet sequence: 76
2018-09-15 11:27:41,247 - streaming - INFO - Tweet sequence: 77
2018-09-15 11:27:41,393 - streaming - INFO - Tweet sequence: 78
2018-09-15 11:27:41,397 - streaming - INFO - Tweet sequence: 79
2018-09-15 11:27:41,431 - streaming - INFO - Tweet sequence: 80
2018-09-15 11:27:41,551 - streaming - INFO - Tweet sequence: 81
2018-09-15 11:27:41,563 - streaming - INFO - Tweet sequence: 82
2018-09-15 11:27:41,569 - streaming - INFO - Tweet sequence: 83
2018-09-15 11:27:41,731 - streaming - INFO - Tweet sequence: 84
2018-09-15 11:27:41,765 - streaming - INFO - Tweet sequence: 85
2018-09-15 11:27:41,770 - streaming - INFO - Tweet sequence: 86
2018-09-15 11:27:41,796 - streaming - INFO - Tweet sequence: 87
2018-09-15 11:27:41,800 - streaming - INFO - Tweet sequence: 88
2018-09-15 11:27:41,803 - streaming - INFO - Tweet sequence: 89
2018-09-15 11:27:41,845 - streaming - INFO - Tweet sequence: 90
2018-09-15 11:27:42,094 - streaming - INFO - Tweet sequence: 91
2018-09-15 11:27:42,098 - streaming - INFO - Tweet sequence: 92
2018-09-15 11:27:42,101 - streaming - INFO - Tweet sequence: 93
2018-09-15 11:27:42,103 - streaming - INFO - Tweet sequence: 94
2018-09-15 11:27:42,170 - streaming - INFO - Tweet sequence: 95
2018-09-15 11:27:42,173 - streaming - INFO - Tweet sequence: 96
2018-09-15 11:27:42,177 - streaming - INFO - Tweet sequence: 97
2018-09-15 11:27:42,181 - streaming - INFO - Tweet sequence: 98
2018-09-15 11:27:42,184 - streaming - INFO - Tweet sequence: 99
2018-09-15 11:27:42,188 - streaming - INFO - Tweet sequence: 100
2018-09-15 11:27:42,191 - streaming - INFO - Tweet sequence: 101
2018-09-15 11:27:42,194 - streaming - INFO - Tweet sequence: 102
2018-09-15 11:27:42,436 - streaming - INFO - Tweet sequence: 103
2018-09-15 11:27:42,463 - streaming - INFO - Tweet sequence: 104
2018-09-15 11:27:42,466 - streaming - INFO - Tweet sequence: 105
2018-09-15 11:27:42,471 - streaming - INFO - Tweet sequence: 106
2018-09-15 11:27:42,476 - streaming - INFO - Tweet sequence: 107
2018-09-15 11:27:42,515 - streaming - INFO - Tweet sequence: 108
2018-09-15 11:27:42,520 - streaming - INFO - Tweet sequence: 109
2018-09-15 11:27:42,531 - streaming - INFO - Tweet sequence: 110
2018-09-15 11:27:42,551 - streaming - INFO - Tweet sequence: 111
2018-09-15 11:27:42,565 - streaming - INFO - Tweet sequence: 112
2018-09-15 11:27:42,569 - streaming - INFO - Tweet sequence: 113
2018-09-15 11:27:42,575 - streaming - INFO - Tweet sequence: 114
2018-09-15 11:27:42,781 - streaming - INFO - Tweet sequence: 115
2018-09-15 11:27:42,887 - streaming - INFO - Tweet sequence: 116
2018-09-15 11:27:42,914 - streaming - INFO - Tweet sequence: 117
2018-09-15 11:27:42,941 - streaming - INFO - Tweet sequence: 118
2018-09-15 11:27:42,944 - streaming - INFO - Tweet sequence: 119
2018-09-15 11:27:43,019 - streaming - INFO - Tweet sequence: 120
2018-09-15 11:27:43,021 - streaming - INFO - Tweet sequence: 121
2018-09-15 11:27:43,026 - streaming - INFO - Tweet sequence: 122
2018-09-15 11:27:43,029 - streaming - INFO - Tweet sequence: 123
2018-09-15 11:27:43,033 - streaming - INFO - Tweet sequence: 124
2018-09-15 11:27:43,035 - streaming - INFO - Tweet sequence: 125
2018-09-15 11:27:43,037 - streaming - INFO - Tweet sequence: 126
2018-09-15 11:27:43,040 - streaming - INFO - Tweet sequence: 127
2018-09-15 11:27:43,243 - streaming - INFO - Tweet sequence: 128
2018-09-15 11:27:43,246 - streaming - INFO - Tweet sequence: 129
2018-09-15 11:27:43,316 - streaming - INFO - Tweet sequence: 130
2018-09-15 11:27:43,329 - streaming - INFO - Tweet sequence: 131
2018-09-15 11:27:43,432 - streaming - INFO - Tweet sequence: 132
2018-09-15 11:27:43,450 - streaming - INFO - Tweet sequence: 133
2018-09-15 11:27:43,643 - streaming - INFO - Tweet sequence: 134
2018-09-15 11:27:43,659 - streaming - INFO - Tweet sequence: 135
2018-09-15 11:27:43,667 - streaming - INFO - Tweet sequence: 136
2018-09-15 11:27:43,677 - streaming - INFO - Tweet sequence: 137
2018-09-15 11:27:43,701 - streaming - INFO - Tweet sequence: 138
2018-09-15 11:27:48,817 - streaming - INFO - Tweet sequence: 139
2018-09-15 11:27:48,821 - streaming - INFO - Tweet sequence: 140
2018-09-15 11:27:48,823 - streaming - INFO - Tweet sequence: 141
2018-09-15 11:27:49,425 - streaming - INFO - Tweet sequence: 142
2018-09-15 11:27:49,429 - streaming - INFO - Tweet sequence: 143
2018-09-15 11:27:49,432 - streaming - INFO - Tweet sequence: 144
2018-09-15 11:27:49,434 - streaming - INFO - Tweet sequence: 145
2018-09-15 11:27:49,834 - streaming - INFO - Tweet sequence: 146
2018-09-15 11:27:49,840 - streaming - INFO - Tweet sequence: 147
2018-09-15 11:27:50,245 - streaming - INFO - Tweet sequence: 148
2018-09-15 11:27:50,250 - streaming - INFO - Tweet sequence: 149
2018-09-15 11:27:50,326 - streaming - INFO - Tweet sequence: 150
2018-09-15 11:27:50,652 - streaming - INFO - Tweet sequence: 151
2018-09-15 11:27:50,656 - streaming - INFO - Tweet sequence: 152
2018-09-15 11:27:50,658 - streaming - INFO - Tweet sequence: 153
2018-09-15 11:27:50,667 - streaming - INFO - Tweet sequence: 154
2018-09-15 11:27:50,670 - streaming - INFO - Tweet sequence: 155
2018-09-15 11:27:51,071 - streaming - INFO - Tweet sequence: 156
2018-09-15 11:27:51,075 - streaming - INFO - Tweet sequence: 157
2018-09-15 11:27:51,078 - streaming - INFO - Tweet sequence: 158
2018-09-15 11:27:51,083 - streaming - INFO - Tweet sequence: 159
2018-09-15 11:27:51,087 - streaming - INFO - Tweet sequence: 160
2018-09-15 11:27:51,089 - streaming - INFO - Tweet sequence: 161
2018-09-15 11:27:51,395 - streaming - INFO - Tweet sequence: 162
2018-09-15 11:27:51,406 - streaming - INFO - Tweet sequence: 163
2018-09-15 11:27:51,423 - streaming - INFO - Tweet sequence: 164
2018-09-15 11:27:51,425 - streaming - INFO - Tweet sequence: 165
2018-09-15 11:27:51,428 - streaming - INFO - Tweet sequence: 166
2018-09-15 11:27:51,438 - streaming - INFO - Tweet sequence: 167
2018-09-15 11:27:51,440 - streaming - INFO - Tweet sequence: 168
2018-09-15 11:27:51,442 - streaming - INFO - Tweet sequence: 169
2018-09-15 11:27:51,444 - streaming - INFO - Tweet sequence: 170
2018-09-15 11:27:51,447 - streaming - INFO - Tweet sequence: 171
2018-09-15 11:27:51,450 - streaming - INFO - Tweet sequence: 172
2018-09-15 11:27:51,453 - streaming - INFO - Tweet sequence: 173
2018-09-15 11:27:51,469 - streaming - INFO - Tweet sequence: 174
2018-09-15 11:27:51,881 - streaming - INFO - Tweet sequence: 175
2018-09-15 11:27:51,885 - streaming - INFO - Tweet sequence: 176
2018-09-15 11:27:51,888 - streaming - INFO - Tweet sequence: 177
2018-09-15 11:27:51,890 - streaming - INFO - Tweet sequence: 178
2018-09-15 11:27:51,894 - streaming - INFO - Tweet sequence: 179
2018-09-15 11:27:51,897 - streaming - INFO - Tweet sequence: 180
2018-09-15 11:27:51,900 - streaming - INFO - Tweet sequence: 181
2018-09-15 11:27:51,904 - streaming - INFO - Tweet sequence: 182
2018-09-15 11:27:51,907 - streaming - ERROR - ('Connection broken: IncompleteRead(0 bytes read, 4048 more expected)', IncompleteRead(0 bytes read, 4048 more expected))
2018-09-15 11:27:52,022 - streaming - INFO - Connection Made
2018-09-15 11:27:53,935 - streaming - INFO - Tweet sequence: 1
2018-09-15 11:27:54,339 - streaming - INFO - Tweet sequence: 2
2018-09-15 11:27:54,342 - streaming - INFO - Tweet sequence: 3
2018-09-15 11:27:54,953 - streaming - INFO - Tweet sequence: 4
2018-09-15 11:27:54,956 - streaming - INFO - Tweet sequence: 5
2018-09-15 11:27:54,959 - streaming - INFO - Tweet sequence: 6
2018-09-15 11:27:55,078 - streaming - INFO - Tweet sequence: 7
2018-09-15 11:27:55,081 - streaming - INFO - Tweet sequence: 8
2018-09-15 11:27:55,569 - streaming - INFO - Tweet sequence: 9
2018-09-15 11:27:55,573 - streaming - INFO - Tweet sequence: 10
2018-09-15 11:27:55,577 - streaming - INFO - Tweet sequence: 11
2018-09-15 11:27:55,579 - streaming - INFO - Tweet sequence: 12
2018-09-15 11:27:55,582 - streaming - INFO - Tweet sequence: 13
2018-09-15 11:27:55,585 - streaming - INFO - Tweet sequence: 14
2018-09-15 11:27:55,587 - streaming - INFO - Tweet sequence: 15
2018-09-15 11:27:55,590 - streaming - INFO - Tweet sequence: 16
2018-09-15 11:27:56,007 - streaming - INFO - Tweet sequence: 17
2018-09-15 11:27:56,010 - streaming - INFO - Tweet sequence: 18
2018-09-15 11:27:56,023 - streaming - INFO - Tweet sequence: 19
2018-09-15 11:27:56,026 - streaming - INFO - Tweet sequence: 20
2018-09-15 11:27:56,040 - streaming - INFO - Tweet sequence: 21
2018-09-15 11:27:56,042 - streaming - INFO - Tweet sequence: 22
2018-09-15 11:27:56,044 - streaming - INFO - Tweet sequence: 23
2018-09-15 11:27:56,348 - streaming - INFO - Tweet sequence: 24
2018-09-15 11:27:56,352 - streaming - INFO - Tweet sequence: 25
2018-09-15 11:27:56,356 - streaming - INFO - Tweet sequence: 26
2018-09-15 11:27:56,359 - streaming - INFO - Tweet sequence: 27
2018-09-15 11:27:56,362 - streaming - INFO - Tweet sequence: 28
2018-09-15 11:27:56,413 - streaming - INFO - Tweet sequence: 29
2018-09-15 11:27:56,417 - streaming - INFO - Tweet sequence: 30
2018-09-15 11:27:56,426 - streaming - INFO - Tweet sequence: 31
2018-09-15 11:27:56,728 - streaming - INFO - Tweet sequence: 32
2018-09-15 11:27:56,734 - streaming - INFO - Tweet sequence: 33
2018-09-15 11:27:56,737 - streaming - INFO - Tweet sequence: 34
2018-09-15 11:27:56,741 - streaming - INFO - Tweet sequence: 35
2018-09-15 11:27:56,744 - streaming - INFO - Tweet sequence: 36
2018-09-15 11:27:56,746 - streaming - INFO - Tweet sequence: 37
2018-09-15 11:27:56,748 - streaming - INFO - Tweet sequence: 38
2018-09-15 11:27:56,753 - streaming - INFO - Tweet sequence: 39
2018-09-15 11:27:57,207 - streaming - INFO - Tweet sequence: 40
2018-09-15 11:27:57,213 - streaming - INFO - Tweet sequence: 41
2018-09-15 11:27:57,217 - streaming - INFO - Tweet sequence: 42
2018-09-15 11:27:57,220 - streaming - INFO - Tweet sequence: 43
2018-09-15 11:27:57,222 - streaming - INFO - Tweet sequence: 44
2018-09-15 11:27:57,688 - streaming - INFO - Tweet sequence: 45
2018-09-15 11:27:57,702 - streaming - INFO - Tweet sequence: 46
2018-09-15 11:27:57,704 - streaming - INFO - Tweet sequence: 47
2018-09-15 11:27:57,707 - streaming - INFO - Tweet sequence: 48
2018-09-15 11:27:57,998 - streaming - INFO - Tweet sequence: 49
2018-09-15 11:27:58,039 - streaming - INFO - Tweet sequence: 50
2018-09-15 11:27:58,042 - streaming - INFO - Tweet sequence: 51
2018-09-15 11:27:58,045 - streaming - INFO - Tweet sequence: 52
2018-09-15 11:27:58,047 - streaming - INFO - Tweet sequence: 53
2018-09-15 11:27:58,050 - streaming - INFO - Tweet sequence: 54
2018-09-15 11:27:58,065 - streaming - INFO - Tweet sequence: 55
2018-09-15 11:27:58,437 - streaming - INFO - Tweet sequence: 56
2018-09-15 11:27:58,442 - streaming - INFO - Tweet sequence: 57
2018-09-15 11:27:58,445 - streaming - INFO - Tweet sequence: 58
2018-09-15 11:27:58,449 - streaming - INFO - Tweet sequence: 59
2018-09-15 11:27:58,453 - streaming - INFO - Tweet sequence: 60
2018-09-15 11:27:58,455 - streaming - INFO - Tweet sequence: 61
2018-09-15 11:27:58,457 - streaming - INFO - Tweet sequence: 62
2018-09-15 11:27:58,459 - streaming - INFO - Tweet sequence: 63
2018-09-15 11:28:05,292 - streaming - INFO - Twitter API Auth successful
2018-09-15 11:28:05,292 - streaming - INFO - Tracking [u'#KyunkiYahanBhajpaHai', u'hello', u'a']
2018-09-15 11:28:05,406 - streaming - INFO - Connection Made
2018-09-15 11:28:07,038 - streaming - INFO - Tweet sequence: 1
2018-09-15 11:28:07,447 - streaming - INFO - Tweet sequence: 2
2018-09-15 11:28:07,778 - streaming - INFO - Tweet sequence: 3
2018-09-15 11:28:07,785 - streaming - INFO - Tweet sequence: 4
2018-09-15 11:28:07,791 - streaming - INFO - Tweet sequence: 5
2018-09-15 11:28:07,800 - streaming - INFO - Tweet sequence: 6
2018-09-15 11:28:08,103 - streaming - INFO - Tweet sequence: 7
2018-09-15 11:28:08,106 - streaming - INFO - Tweet sequence: 8
2018-09-15 11:28:08,110 - streaming - INFO - Tweet sequence: 9
2018-09-15 11:28:08,125 - streaming - INFO - Tweet sequence: 10
2018-09-15 11:28:08,128 - streaming - INFO - Tweet sequence: 11
2018-09-15 11:28:08,140 - streaming - INFO - Tweet sequence: 12
